GET /campgrounds/617ef7ee6cc2bf8b4da69cf2 302 56 - 3.241 ms
GET /login 200 13237 - 6.324 ms
POST /login 302 118 - 91.519 ms
GET /campgrounds/617ef7ee6cc2bf8b4da69cf2 500 9586 - 10.310 ms
GET /campgrounds/617ef7ee6cc2bf8b4da69cf2 302 56 - 3.277 ms
GET /login 200 13237 - 5.556 ms
POST /login 302 118 - 87.910 ms
GET /campgrounds/617ef7ee6cc2bf8b4da69cf2 200 11771 - 13.651 ms
POST /campgrounds/617ef7ee6cc2bf8b4da69cf2/reviews 302 118 - 14.436 ms
GET /campgrounds/617ef7ee6cc2bf8b4da69cf2 200 12526 - 8.075 ms
GET /campgrounds/617ef7ee6cc2bf8b4da69cf2 302 56 - 3.408 ms
GET /login 200 13237 - 5.560 ms
POST /login 302 118 - 86.874 ms
GET /campgrounds/617ef7ee6cc2bf8b4da69cf2 200 12509 - 16.429 ms
GET /campgrounds/617ef7ee6cc2bf8b4da69cf2 302 56 - 3.029 ms
GET /login 200 13237 - 5.763 ms
POST /login 302 118 - 88.144 ms
GET /campgrounds/617ef7ee6cc2bf8b4da69cf2 500 9586 - 11.223 ms
GET /campgrounds 302 56 - 3.225 ms
GET /login 200 13237 - 5.564 ms
POST /login 302 68 - 87.114 ms
GET /campgrounds 200 30261 - 11.149 ms
GET /campgrounds/617ef7ee6cc2bf8b4da69cf4 500 9289 - 10.807 ms
GET /campgrounds/617ef7ee6cc2bf8b4da69cf4 302 56 - 3.169 ms
GET /login 200 13237 - 5.556 ms
POST /login 302 118 - 86.181 ms
GET /campgrounds/617ef7ee6cc2bf8b4da69cf4 200 11766 - 17.331 ms
GET /campgrounds/617ef7ee6cc2bf8b4da69cf4 200 11464 - 7.766 ms
GET /logout 302 46 - 3.902 ms
GET / 200 11524 - 9.320 ms
GET /login 200 12890 - 4.305 ms
GET /register 200 15089 - 3.773 ms
POST /register 302 56 - 93.358 ms
GET /login 200 13589 - 2.742 ms
GET /campgrounds/new 200 13411 - 4.316 ms
POST /campgrounds 302 118 - 4.966 ms
GET /campgrounds/617f038812497251bf843f19 200 11539 - 14.204 ms
GET /campgrounds 200 31254 - 7.875 ms
GET /campgrounds/617ef7ee6cc2bf8b4da69d0e 200 11454 - 8.654 ms
DELETE /campgrounds/617ef7ee6cc2bf8b4da69d0e?_method=DELETE 302 68 - 5.141 ms
GET /campgrounds 200 30050 - 6.712 ms
GET /campgrounds/617ef7ee6cc2bf8b4da69d0c 200 11444 - 7.600 ms
DELETE /campgrounds/617ef7ee6cc2bf8b4da69d0c?_method=DELETE 302 68 - 3.806 ms
GET /campgrounds 200 28541 - 4.993 ms
GET /campgrounds/617ef7ee6cc2bf8b4da69cf2 200 12211 - 8.389 ms
GET /campgrounds 200 28232 - 7.223 ms
GET /campgrounds/617ef7ee6cc2bf8b4da69cf4 304 - - 7.426 ms
DELETE /campgrounds/617ef7ee6cc2bf8b4da69cf4?_method=DELETE 302 68 - 3.394 ms
GET /campgrounds 200 27024 - 6.302 ms
GET /campgrounds/617ef7ee6cc2bf8b4da69cf6 200 11447 - 8.255 ms
DELETE /campgrounds/617ef7ee6cc2bf8b4da69cf6?_method=DELETE 302 68 - 3.863 ms
GET /campgrounds 200 25509 - 4.461 ms
GET /campgrounds/617ef7ee6cc2bf8b4da69cf8 200 11442 - 6.738 ms
DELETE /campgrounds/617ef7ee6cc2bf8b4da69cf8?_method=DELETE 302 68 - 4.568 ms
GET /campgrounds 200 23996 - 6.357 ms
GET /campgrounds/617ef7ee6cc2bf8b4da69d0a 200 11472 - 7.501 ms
DELETE /campgrounds/617ef7ee6cc2bf8b4da69d0a?_method=DELETE 302 68 - 4.315 ms
GET /campgrounds 200 22477 - 4.182 ms
GET /campgrounds/617ef7ee6cc2bf8b4da69cfa 200 11436 - 6.940 ms
DELETE /campgrounds/617ef7ee6cc2bf8b4da69cfa?_method=DELETE 302 68 - 4.285 ms
GET /campgrounds 200 20964 - 4.847 ms
GET /campgrounds/617ef7ee6cc2bf8b4da69d04 200 11457 - 7.426 ms
DELETE /campgrounds/617ef7ee6cc2bf8b4da69d04?_method=DELETE 302 68 - 6.584 ms
GET /campgrounds 200 19445 - 5.229 ms
GET /campgrounds/617ef7ee6cc2bf8b4da69d08 200 11441 - 7.375 ms
DELETE /campgrounds/617ef7ee6cc2bf8b4da69d08?_method=DELETE 302 68 - 5.733 ms
GET /campgrounds 200 17930 - 3.784 ms
GET /campgrounds/617ef7ee6cc2bf8b4da69d06 200 11453 - 7.879 ms
DELETE /campgrounds/617ef7ee6cc2bf8b4da69d06?_method=DELETE 302 68 - 4.252 ms
GET /campgrounds 200 16415 - 3.766 ms
GET /campgrounds/617ef7ee6cc2bf8b4da69d02 200 11476 - 7.000 ms
DELETE /campgrounds/617ef7ee6cc2bf8b4da69d02?_method=DELETE 302 68 - 3.545 ms
GET /campgrounds 200 14892 - 3.630 ms
GET /campgrounds/617ef7ee6cc2bf8b4da69d00 200 11452 - 7.333 ms
DELETE /campgrounds/617ef7ee6cc2bf8b4da69d00?_method=DELETE 302 68 - 3.982 ms
GET /campgrounds 200 13378 - 3.693 ms
GET /campgrounds/617ef7ee6cc2bf8b4da69cfc 200 11468 - 7.034 ms
DELETE /campgrounds/617ef7ee6cc2bf8b4da69cfc?_method=DELETE 302 68 - 3.530 ms
GET /campgrounds 200 11857 - 3.209 ms
GET /campgrounds/617ef7ee6cc2bf8b4da69cfe 200 11455 - 7.822 ms
DELETE /campgrounds/617ef7ee6cc2bf8b4da69cfe?_method=DELETE 302 68 - 3.390 ms
GET /campgrounds 200 10343 - 3.274 ms
GET /campgrounds 200 10034 - 4.250 ms
GET /campgrounds/617f038812497251bf843f19 200 11225 - 7.312 ms
GET /campgrounds 304 - - 5.190 ms
GET /campgrounds/617ef7ee6cc2bf8b4da69cf2 304 - - 8.735 ms
GET /campgrounds 304 - - 3.463 ms
GET /campgrounds/617f038812497251bf843f19 304 - - 8.712 ms
GET /campgrounds/617f038812497251bf843f19 200 11297 - 6.239 ms
GET /campgrounds 304 - - 4.730 ms
GET /campgrounds/617ef7ee6cc2bf8b4da69cf2 200 11602 - 8.390 ms
GET /campgrounds 304 - - 3.959 ms
GET /campgrounds/617f038812497251bf843f19 304 - - 7.572 ms
GET /campgrounds 302 56 - 2.940 ms
GET /login 200 13237 - 6.628 ms
POST /login 302 68 - 86.437 ms
GET /campgrounds 200 10328 - 7.274 ms
GET /campgrounds/617ef7ee6cc2bf8b4da69cf2 304 - - 16.382 ms
GET /campgrounds/617ef7ee6cc2bf8b4da69cf2/edit 200 13522 - 4.814 ms
PUT /campgrounds/617ef7ee6cc2bf8b4da69cf2?_method=PUT 500 7827 - 7.303 ms
PUT /campgrounds/617ef7ee6cc2bf8b4da69cf2?_method=PUT 302 56 - 4.412 ms
GET /login 200 13237 - 5.607 ms
POST /login 302 142 - 86.692 ms
GET /campgrounds/617ef7ee6cc2bf8b4da69cf2?_method=PUT 200 11896 - 17.875 ms
GET /campgrounds/617ef7ee6cc2bf8b4da69cf2 304 - - 10.174 ms
GET /campgrounds/617ef7ee6cc2bf8b4da69cf2/edit 304 - - 4.814 ms
PUT /campgrounds/617ef7ee6cc2bf8b4da69cf2?_method=PUT 302 114 - 2.640 ms
GET /campgrounds/campground/617ef7ee6cc2bf8b4da69cf2 404 9476 - 2.535 ms
GET /campgrounds/campground/617ef7ee6cc2bf8b4da69cf2 404 9100 - 2.676 ms
GET /campgrounds/campground/ 500 8186 - 3.069 ms
GET /campgrounds 200 10034 - 4.692 ms
GET /campgrounds/617ef7ee6cc2bf8b4da69cf2 304 - - 8.990 ms
GET /campgrounds/617ef7ee6cc2bf8b4da69cf2/edit 304 - - 3.641 ms
PUT /campgrounds/617ef7ee6cc2bf8b4da69cf2?_method=PUT 302 114 - 2.617 ms
GET /campgrounds/campground/617ef7ee6cc2bf8b4da69cf2 404 9476 - 2.336 ms
GET /campgrounds 302 56 - 2.955 ms
GET /login 200 13237 - 5.451 ms
POST /login 302 68 - 86.834 ms
GET /campgrounds 200 10328 - 6.563 ms
GET /campgrounds/617ef7ee6cc2bf8b4da69cf2 304 - - 14.868 ms
GET /campgrounds/617ef7ee6cc2bf8b4da69cf2/edit 304 - - 4.410 ms
PUT /campgrounds/617ef7ee6cc2bf8b4da69cf2?_method=PUT 302 114 - 4.029 ms
GET /campgrounds/campground/617ef7ee6cc2bf8b4da69cf2 404 9476 - 3.108 ms
GET / 200 11203 - 10.695 ms
GET /login 200 12890 - 4.678 ms
POST /login 302 46 - 87.314 ms
GET / 200 8050 - 4.173 ms
GET /campgrounds 200 10034 - 7.148 ms
GET /campgrounds/617ef7ee6cc2bf8b4da69cf2 304 - - 12.444 ms
GET /campgrounds/617ef7ee6cc2bf8b4da69cf2/edit 304 - - 5.027 ms
PUT /campgrounds/617ef7ee6cc2bf8b4da69cf2?_method=PUT 302 114 - 4.800 ms
GET /campgrounds/campground/617ef7ee6cc2bf8b4da69cf2 404 9476 - 3.382 ms
GET /campgrounds/campground/617ef7ee6cc2bf8b4da69cf2 404 8716 - 7.005 ms
GET / 200 11203 - 7.392 ms
GET /login 200 12890 - 3.597 ms
POST /login 302 46 - 86.646 ms
GET / 200 8051 - 3.616 ms
GET /campgrounds 304 - - 6.233 ms
GET /campgrounds/617f038812497251bf843f19 200 10616 - 12.205 ms
GET /campgrounds/617f038812497251bf843f19/edit 200 13282 - 4.444 ms
PUT /campgrounds/617f038812497251bf843f19?_method=PUT 302 118 - 3.801 ms
GET /campgrounds/617f038812497251bf843f19 200 10992 - 5.560 ms
GET /campgrounds 302 56 - 3.037 ms
GET /login 200 13237 - 6.285 ms
POST /login 302 68 - 91.668 ms
GET /campgrounds 200 10328 - 5.469 ms
GET /campgrounds/617ef7ee6cc2bf8b4da69cf2 304 - - 12.040 ms
GET /campgrounds/617ef7ee6cc2bf8b4da69cf2/edit 302 118 - 2.515 ms
GET /campgrounds/617ef7ee6cc2bf8b4da69cf2 200 11987 - 7.193 ms
GET /campgrounds 302 56 - 3.133 ms
GET /login 200 13237 - 5.700 ms
POST /login 302 68 - 87.953 ms
GET /campgrounds 200 10328 - 11.597 ms
GET /campgrounds/617f038812497251bf843f19 200 11297 - 11.084 ms
GET /campgrounds/617f038812497251bf843f19/edit 304 - - 3.916 ms
PUT /campgrounds/617f038812497251bf843f19?_method=PUT - - - - ms
GET /campgrounds 302 56 - 3.581 ms
GET /login 200 13237 - 6.032 ms
POST /login 302 68 - 87.114 ms
GET /campgrounds 200 10328 - 5.884 ms
GET /campgrounds/617ef7ee6cc2bf8b4da69cf2 200 11602 - 12.667 ms
GET /campgrounds/617ef7ee6cc2bf8b4da69cf2/edit - - - - ms
GET /campgrounds/617ef7ee6cc2bf8b4da69cf2/edit - - - - ms
GET /campgrounds/617ef7ee6cc2bf8b4da69cf2 302 56 - 2.635 ms
GET /login 200 13237 - 5.713 ms
POST /login 302 118 - 81.852 ms
GET /campgrounds/617ef7ee6cc2bf8b4da69cf2 200 11896 - 13.151 ms
GET /campgrounds/617ef7ee6cc2bf8b4da69cf2/edit 302 118 - 1.579 ms
GET /campgrounds/617ef7ee6cc2bf8b4da69cf2 200 11985 - 6.694 ms
GET /campgrounds/617ef7ee6cc2bf8b4da69cf2 302 56 - 3.104 ms
GET /login 200 13237 - 5.614 ms
POST /login 302 118 - 86.189 ms
GET /campgrounds/617ef7ee6cc2bf8b4da69cf2 200 11896 - 13.346 ms
GET /campgrounds/617ef7ee6cc2bf8b4da69cf2?_method=delete 200 11602 - 6.595 ms
GET /campgrounds 200 10034 - 5.433 ms
GET /campgrounds/617ef7ee6cc2bf8b4da69cf2 200 11602 - 6.352 ms
GET /campgrounds 302 56 - 3.052 ms
GET /login 200 13237 - 5.677 ms
POST /login 302 68 - 87.323 ms
GET /campgrounds 200 10328 - 7.190 ms
GET /campgrounds/617ef7ee6cc2bf8b4da69cf2 304 - - 12.573 ms
GET /campgrounds/617ef7ee6cc2bf8b4da69cf2/edit 302 118 - 1.832 ms
GET /campgrounds/617ef7ee6cc2bf8b4da69cf2 200 11985 - 5.920 ms
GET /campgrounds 200 10034 - 4.449 ms
GET /campgrounds/617f038812497251bf843f19 304 - - 5.992 ms
GET /campgrounds/617f038812497251bf843f19/edit 304 - - 6.161 ms
PUT /campgrounds/617f038812497251bf843f19?_method=PUT 302 118 - 9.322 ms
GET /campgrounds/617f038812497251bf843f19 200 11596 - 5.683 ms
GET /campgrounds/617f038812497251bf843f19/edit 200 13283 - 6.162 ms
PUT /campgrounds/617f038812497251bf843f19?_method=PUT 400 9222 - 4.053 ms
PUT /campgrounds/617f038812497251bf843f19?_method=PUT 302 118 - 3.673 ms
GET /campgrounds/617f038812497251bf843f19 200 11595 - 5.602 ms
GET /campgrounds 302 56 - 4.093 ms
GET /login 200 13237 - 6.788 ms
POST /login 302 68 - 88.877 ms
GET /campgrounds 200 10328 - 6.107 ms
GET /campgrounds/617f038812497251bf843f19 200 11297 - 12.955 ms
POST /campgrounds/617f038812497251bf843f19/reviews 302 118 - 16.307 ms
GET /campgrounds/617f038812497251bf843f19 200 12335 - 7.863 ms
POST /campgrounds/617f038812497251bf843f19/reviews 400 9272 - 6.041 ms
GET / 200 11203 - 21.872 ms
GET /favicon.ico 404 8716 - 3.616 ms
GET /login 200 12890 - 3.248 ms
POST /login 302 46 - 103.962 ms
GET / 200 8050 - 3.759 ms
GET /campgrounds 200 10034 - 7.181 ms
GET /campgrounds/617ef7ee6cc2bf8b4da69cf2 200 11602 - 36.708 ms
GET / 200 11203 - 11.597 ms
GET / 200 11910 - 10.817 ms
GET / 304 - - 4.437 ms
GET /campgrounds 302 56 - 2.619 ms
GET /login 200 13237 - 2.340 ms
GET / 304 - - 4.438 ms
GET /campgrounds 200 9650 - 13.986 ms
GET /campgrounds/617ef7ee6cc2bf8b4da69cf2 200 10289 - 13.947 ms
GET /campgrounds/617ef7ee6cc2bf8b4da69cf2 200 10332 - 7.893 ms
GET /campgrounds/617ef7ee6cc2bf8b4da69cf2 200 10314 - 5.971 ms
GET /campgrounds/617ef7ee6cc2bf8b4da69cf2 200 10313 - 7.588 ms
GET /campgrounds/617ef7ee6cc2bf8b4da69cf2 200 10312 - 7.188 ms
GET /campgrounds/617ef7ee6cc2bf8b4da69cf2 304 - - 6.862 ms
GET /campgrounds/617ef7ee6cc2bf8b4da69cf2 200 10314 - 6.261 ms
GET /campgrounds/617ef7ee6cc2bf8b4da69cf2 200 10316 - 7.900 ms
GET /campgrounds/617ef7ee6cc2bf8b4da69cf2 200 10343 - 6.887 ms
GET /campgrounds/617ef7ee6cc2bf8b4da69cf2 200 10354 - 6.033 ms
GET /campgrounds/617ef7ee6cc2bf8b4da69cf2 200 10363 - 6.512 ms
GET /campgrounds/617ef7ee6cc2bf8b4da69cf2 200 10363 - 7.231 ms
GET /login 200 12890 - 3.242 ms
POST /login 302 46 - 81.546 ms
GET / 200 8757 - 4.117 ms
GET /campgrounds 200 10034 - 4.358 ms
GET /campgrounds/617ef7ee6cc2bf8b4da69cf2 200 11956 - 6.436 ms
GET /logout 302 46 - 0.609 ms
GET / 200 12231 - 3.980 ms
GET /campgrounds/617ef7ee6cc2bf8b4da69cf2 200 10363 - 6.882 ms
GET /login 200 12890 - 3.498 ms
POST /login 302 46 - 78.306 ms
GET / 200 8757 - 3.131 ms
GET /campgrounds 304 - - 4.206 ms
GET /campgrounds/617ef7ee6cc2bf8b4da69cf2 200 11956 - 5.999 ms
GET /campgrounds/617ef7ee6cc2bf8b4da69cf2 200 10363 - 21.147 ms
GET /login 200 12890 - 4.054 ms
POST /login 302 46 - 84.676 ms
GET / 200 8758 - 4.332 ms
GET /campgrounds 304 - - 5.466 ms
GET /campgrounds/617ef7ee6cc2bf8b4da69cf2 200 12637 - 8.653 ms
GET /logout 302 46 - 0.803 ms
GET / 200 12231 - 4.409 ms
GET / 200 11910 - 3.926 ms
GET /campgrounds 200 9650 - 5.773 ms
GET /campgrounds/617ef7ee6cc2bf8b4da69cf2 200 10363 - 7.485 ms
GET /campgrounds/617ef7ee6cc2bf8b4da69cf2/edit 302 56 - 0.468 ms
GET /login 200 13237 - 2.461 ms
POST /login 302 128 - 79.245 ms
GET /campgrounds/617ef7ee6cc2bf8b4da69cf2/edit 200 13817 - 5.457 ms
GET /logout 302 46 - 0.360 ms
GET / 200 12231 - 3.407 ms
GET / 200 11910 - 3.629 ms
GET /campgrounds 304 - - 5.132 ms
GET /campgrounds/617ef7ee6cc2bf8b4da69cf2 200 10180 - 7.422 ms
GET /campgrounds/617ef7ee6cc2bf8b4da69cf2 304 - - 5.505 ms
GET /campgrounds/617ef7ee6cc2bf8b4da69cf2 200 11224 - 6.872 ms
POST /campgrounds/617ef7ee6cc2bf8b4da69cf2/reviews 302 56 - 0.383 ms
GET /login 200 13237 - 2.045 ms
POST /login 302 134 - 78.635 ms
GET /campgrounds/617ef7ee6cc2bf8b4da69cf2/reviews 404 9394 - 2.300 ms
GET /campgrounds 200 10034 - 4.348 ms
GET /campgrounds 304 - - 3.387 ms
GET /campgrounds/617ef7ee6cc2bf8b4da69cf2 200 11956 - 7.214 ms
GET /campgrounds/617ef7ee6cc2bf8b4da69cf2 304 - - 5.519 ms
GET /logout 302 46 - 0.343 ms
GET / 200 12231 - 3.512 ms
GET /campgrounds 200 9650 - 4.358 ms
GET /campgrounds/617ef7ee6cc2bf8b4da69cf2 200 10363 - 5.534 ms
GET /campgrounds/617ef7ee6cc2bf8b4da69cf2 200 10363 - 5.794 ms
GET /campgrounds/617ef7ee6cc2bf8b4da69cf2 200 10373 - 6.146 ms
GET /campgrounds/617ef7ee6cc2bf8b4da69cf2 200 10377 - 6.630 ms
GET /campgrounds/617ef7ee6cc2bf8b4da69cf2 200 10377 - 6.882 ms
GET /campgrounds/617ef7ee6cc2bf8b4da69cf2 200 10380 - 6.496 ms
GET /campgrounds/617ef7ee6cc2bf8b4da69cf2 200 10383 - 5.736 ms
GET /login 200 12890 - 2.110 ms
POST /login 302 46 - 80.798 ms
GET / 200 8757 - 2.588 ms
GET /campgrounds 200 10034 - 3.844 ms
GET /campgrounds/617ef7ee6cc2bf8b4da69cf2 200 11956 - 6.192 ms
DELETE /campgrounds/617ef7ee6cc2bf8b4da69cf2/reviews/617efa9b7de6747464bfe1e3?_method=DELETE 302 56 - 3.529 ms
GET /login 200 13237 - 6.420 ms
POST /login 302 214 - 91.157 ms
GET /campgrounds/617ef7ee6cc2bf8b4da69cf2/reviews/617efa9b7de6747464bfe1e3?_method=DELETE 404 9394 - 3.060 ms
GET /campgrounds 304 - - 6.037 ms
GET /campgrounds/617ef7ee6cc2bf8b4da69cf2 304 - - 11.797 ms
DELETE /campgrounds/617ef7ee6cc2bf8b4da69cf2/reviews/617efa9b7de6747464bfe1e3?_method=DELETE 302 118 - 6.248 ms
GET /campgrounds/617ef7ee6cc2bf8b4da69cf2 200 11355 - 5.786 ms
GET /campgrounds/617ef7ee6cc2bf8b4da69cf2 200 11050 - 6.455 ms
POST /campgrounds/617ef7ee6cc2bf8b4da69cf2/reviews 302 118 - 14.673 ms
GET /campgrounds/617ef7ee6cc2bf8b4da69cf2 200 12540 - 6.050 ms
GET /campgrounds/617ef7ee6cc2bf8b4da69cf2 200 11050 - 5.449 ms
POST /campgrounds/617ef7ee6cc2bf8b4da69cf2/reviews 302 118 - 5.450 ms
GET /campgrounds/617ef7ee6cc2bf8b4da69cf2 200 12549 - 8.875 ms
DELETE /campgrounds/617ef7ee6cc2bf8b4da69cf2/reviews/617ff5be3ad5dee3e7e91fc8?_method=DELETE 302 56 - 3.593 ms
GET /login 200 13237 - 6.213 ms
POST /login 302 214 - 87.989 ms
GET /campgrounds/617ef7ee6cc2bf8b4da69cf2/reviews/617ff5be3ad5dee3e7e91fc8?_method=DELETE 404 9395 - 3.919 ms
GET /campgrounds 304 - - 6.061 ms
GET /campgrounds/617ef7ee6cc2bf8b4da69cf2 200 12918 - 11.778 ms
DELETE /campgrounds/617ef7ee6cc2bf8b4da69cf2/reviews/617ff5be3ad5dee3e7e91fc8?_method=DELETE 302 118 - 6.482 ms
GET /campgrounds/617ef7ee6cc2bf8b4da69cf2 200 12036 - 6.112 ms
POST /campgrounds/617ef7ee6cc2bf8b4da69cf2/reviews 302 118 - 14.206 ms
GET /campgrounds/617ef7ee6cc2bf8b4da69cf2 200 13250 - 6.260 ms
GET /campgrounds/617ef7ee6cc2bf8b4da69cf2 200 10684 - 26.172 ms
GET /campgrounds/617ef7ee6cc2bf8b4da69cf2 304 - - 25.593 ms
GET /campgrounds/617ef7ee6cc2bf8b4da69cf2 200 10798 - 26.431 ms
GET /campgrounds/617ef7ee6cc2bf8b4da69cf2 200 10664 - 14.471 ms
GET /campgrounds/617ef7ee6cc2bf8b4da69cf2 200 10664 - 12.089 ms
GET /campgrounds/617ef7ee6cc2bf8b4da69cf2 200 10608 - 13.138 ms
GET /campgrounds/617ef7ee6cc2bf8b4da69cf2 200 10820 - 10.075 ms
GET /campgrounds/617ef7ee6cc2bf8b4da69cf2 200 10529 - 9.679 ms
GET /login 200 12890 - 3.762 ms
POST /login 302 46 - 87.799 ms
GET / 200 8758 - 4.579 ms
GET /campgrounds 304 - - 5.365 ms
GET /campgrounds/617ef7ee6cc2bf8b4da69cf2 200 13182 - 10.102 ms
GET /logout 302 46 - 0.675 ms
GET / 200 12231 - 3.603 ms
GET /campgrounds 200 9650 - 4.179 ms
GET /login 200 12890 - 2.496 ms
POST /login 302 46 - 78.366 ms
GET / 200 8757 - 2.813 ms
GET /campgrounds 200 10034 - 4.389 ms
GET /campgrounds/617ef7ee6cc2bf8b4da69cf2 200 12102 - 8.437 ms
POST /campgrounds/617ef7ee6cc2bf8b4da69cf2/reviews 302 118 - 16.813 ms
GET /campgrounds/617ef7ee6cc2bf8b4da69cf2 200 13871 - 9.843 ms
GET /campgrounds/617ef7ee6cc2bf8b4da69cf2 200 11587 - 29.448 ms
GET /login 200 12890 - 5.074 ms
POST /login 302 46 - 86.836 ms
GET / 200 8758 - 5.039 ms
GET /campgrounds 304 - - 5.212 ms
GET /campgrounds/617ef7ee6cc2bf8b4da69cf2 200 14240 - 12.578 ms
GET /campgrounds/617ef7ee6cc2bf8b4da69cf2 200 14260 - 10.215 ms
GET /campgrounds/617ef7ee6cc2bf8b4da69cf2 304 - - 10.694 ms
DELETE /campgrounds/617ef7ee6cc2bf8b4da69cf2/reviews/617ff92cab5591bf3fdf8e22?_method=DELETE 302 118 - 7.152 ms
GET /campgrounds/617ef7ee6cc2bf8b4da69cf2 200 13104 - 8.781 ms
GET /campgrounds/617ef7ee6cc2bf8b4da69cf2 200 12837 - 10.976 ms
POST /campgrounds/617ef7ee6cc2bf8b4da69cf2/reviews 302 118 - 14.715 ms
GET /campgrounds/617ef7ee6cc2bf8b4da69cf2 200 14648 - 9.188 ms
GET /campgrounds/617ef7ee6cc2bf8b4da69cf2 200 14674 - 10.073 ms
GET /campgrounds/617ef7ee6cc2bf8b4da69cf2 200 14530 - 9.175 ms
GET /campgrounds/617ef7ee6cc2bf8b4da69cf2 200 14246 - 10.189 ms
GET /campgrounds/617ef7ee6cc2bf8b4da69cf2 200 14198 - 10.126 ms
GET /campgrounds/617ef7ee6cc2bf8b4da69cf2 200 14199 - 10.897 ms
DELETE /campgrounds/617ef7ee6cc2bf8b4da69cf2/reviews/6180026810e1c557a9adf8ec?_method=DELETE 302 118 - 3.749 ms
GET /campgrounds/617ef7ee6cc2bf8b4da69cf2 200 13094 - 7.942 ms
GET /campgrounds/617ef7ee6cc2bf8b4da69cf2 200 12789 - 9.163 ms
POST /campgrounds/617ef7ee6cc2bf8b4da69cf2/reviews 302 118 - 5.041 ms
GET /campgrounds/617ef7ee6cc2bf8b4da69cf2 200 15187 - 9.534 ms
GET /campgrounds/617ef7ee6cc2bf8b4da69cf2 200 14875 - 9.066 ms
GET /campgrounds/617ef7ee6cc2bf8b4da69cf2 200 14875 - 9.315 ms
GET /campgrounds/617ef7ee6cc2bf8b4da69cf2 200 14887 - 9.637 ms
GET /campgrounds/617ef7ee6cc2bf8b4da69cf2 200 14889 - 9.040 ms
GET /campgrounds/617ef7ee6cc2bf8b4da69cf2 200 14883 - 11.540 ms
GET /campgrounds 200 9650 - 14.972 ms
GET /login 200 12890 - 4.016 ms
GET / 200 11910 - 5.516 ms
GET /campgrounds 304 - - 5.064 ms
GET /campgrounds/617ef7ee6cc2bf8b4da69cf2 200 11580 - 14.951 ms
GET / 304 - - 10.790 ms
GET / 304 - - 6.190 ms
GET /campgrounds 304 - - 14.873 ms
GET / 304 - - 5.834 ms
GET /campgrounds 500 8791 - 7.919 ms
GET /campgrounds 200 9650 - 14.550 ms
GET /login 304 - - 7.813 ms
POST /login 302 46 - 87.653 ms
GET / 200 8757 - 5.372 ms
GET /campgrounds/new 304 - - 3.392 ms
GET /campgrounds 200 10034 - 5.484 ms
GET / 200 11910 - 10.558 ms
GET /campgrounds 200 9650 - 11.449 ms
GET /campgrounds/617ef7ee6cc2bf8b4da69cf2 304 - - 14.058 ms
GET /login 200 12890 - 6.452 ms
POST /login 302 46 - 87.133 ms
GET / 200 8757 - 6.165 ms
GET /campgrounds 200 10034 - 7.383 ms
GET /campgrounds/617f038812497251bf843f19 200 11477 - 11.629 ms
GET /campgrounds/617f038812497251bf843f19/edit 200 13282 - 6.961 ms
GET /campgrounds/617f038812497251bf843f19 304 - - 7.261 ms
GET /campgrounds 200 9650 - 14.997 ms
GET /campgrounds/617ef7ee6cc2bf8b4da69cf2 304 - - 15.231 ms
GET /login 200 12890 - 3.553 ms
POST /login 302 46 - 84.988 ms
GET / 304 - - 4.128 ms
GET /campgrounds 200 10034 - 4.119 ms
GET /campgrounds/617ef7ee6cc2bf8b4da69cf2 200 14202 - 8.798 ms
GET /campgrounds/new 304 - - 3.085 ms
POST /campgrounds 302 118 - 9.758 ms
GET /campgrounds/61800ed04be5b64d7186f633 200 11774 - 5.313 ms
GET /campgrounds/61800ed04be5b64d7186f633/edit 200 13268 - 5.775 ms
PUT /campgrounds/61800ed04be5b64d7186f633?_method=PUT 302 118 - 7.547 ms
GET /campgrounds/61800ed04be5b64d7186f633 200 11759 - 6.552 ms
POST /campgrounds/61800ed04be5b64d7186f633/reviews 302 118 - 7.958 ms
GET /campgrounds/61800ed04be5b64d7186f633 200 13877 - 6.646 ms
GET / 200 8463 - 3.865 ms
GET / 200 11910 - 10.069 ms
GET /login 200 12890 - 3.427 ms
POST /login 302 46 - 87.165 ms
GET / 200 8757 - 4.842 ms
GET /campgrounds 200 11315 - 6.021 ms
GET /campgrounds/61800ed04be5b64d7186f633 200 13565 - 13.428 ms
POST /campgrounds/61800ed04be5b64d7186f633/reviews 302 118 - 14.868 ms
GET /campgrounds/61800ed04be5b64d7186f633 200 15989 - 7.646 ms
DELETE /campgrounds/61800ed04be5b64d7186f633/reviews/61800ee44be5b64d7186f643?_method=DELETE 302 118 - 6.743 ms
GET /campgrounds/61800ed04be5b64d7186f633 200 13878 - 6.212 ms
DELETE /campgrounds/61800ed04be5b64d7186f633/reviews/6180119552520246783593d6?_method=DELETE 302 118 - 3.877 ms
GET /campgrounds/61800ed04be5b64d7186f633 200 11766 - 5.146 ms
GET /campgrounds 304 - - 5.148 ms
GET /logout 302 46 - 3.190 ms
GET / 200 12231 - 9.377 ms
GET / 200 11910 - 4.918 ms
GET /login 200 12890 - 2.251 ms
POST /login 302 46 - 85.301 ms
GET / 200 8758 - 3.609 ms
GET /campgrounds 304 - - 7.076 ms
GET /campgrounds/617ef7ee6cc2bf8b4da69cf2 200 14883 - 14.561 ms
DELETE /campgrounds/617ef7ee6cc2bf8b4da69cf2/reviews/618003f510e1c557a9adf91d?_method=DELETE 302 118 - 7.054 ms
GET /campgrounds/617ef7ee6cc2bf8b4da69cf2 200 13088 - 7.056 ms
GET /campgrounds/617ef7ee6cc2bf8b4da69cf2 200 12783 - 6.532 ms
GET / 200 11910 - 9.688 ms
GET /campgrounds 200 10931 - 11.310 ms
GET /campgrounds/617ef7ee6cc2bf8b4da69cf2 200 10529 - 13.872 ms
GET /login 200 12890 - 3.041 ms
POST /login 302 46 - 82.750 ms
GET / 200 8757 - 3.532 ms
GET /campgrounds/new 304 - - 3.165 ms
POST /campgrounds 400 9285 - 7.030 ms
POST /campgrounds 302 118 - 8.473 ms
GET /campgrounds/61801877784c4baecd3ada24 200 11759 - 6.810 ms
DELETE /campgrounds/61801877784c4baecd3ada24?_method=DELETE 302 68 - 8.033 ms
GET /campgrounds 200 11624 - 3.586 ms
GET /logout 302 46 - 4.635 ms
GET / 200 12231 - 9.348 ms
GET /login 200 12890 - 3.227 ms
GET /register 200 15089 - 2.895 ms
POST /register 302 56 - 101.965 ms
GET /login 200 13589 - 2.235 ms
GET /campgrounds 200 11315 - 8.037 ms
GET /campgrounds/617ef7ee6cc2bf8b4da69cf2 200 12102 - 13.298 ms
POST /campgrounds/617ef7ee6cc2bf8b4da69cf2/reviews 302 118 - 10.301 ms
GET /campgrounds/617ef7ee6cc2bf8b4da69cf2 200 14515 - 8.630 ms
GET /campgrounds 304 - - 5.263 ms
GET /campgrounds/617ef7ee6cc2bf8b4da69cf2 200 14203 - 10.693 ms
GET /campgrounds/617ef7ee6cc2bf8b4da69cf2 200 14776 - 7.371 ms
GET /campgrounds/617ef7ee6cc2bf8b4da69cf2 200 14566 - 7.831 ms
GET /campgrounds/617ef7ee6cc2bf8b4da69cf2 304 - - 6.354 ms
GET /campgrounds/617ef7ee6cc2bf8b4da69cf2 200 14446 - 6.602 ms
GET /campgrounds 200 11378 - 5.769 ms
GET /campgrounds/617ef7ee6cc2bf8b4da69cf2 304 - - 7.447 ms
GET /campgrounds/617ef7ee6cc2bf8b4da69cf2 200 14362 - 7.010 ms
GET /campgrounds/617ef7ee6cc2bf8b4da69cf2 200 14572 - 5.800 ms
GET /campgrounds/617ef7ee6cc2bf8b4da69cf2 304 - - 7.523 ms
GET /campgrounds/617ef7ee6cc2bf8b4da69cf2 200 14366 - 6.693 ms
GET /campgrounds/617ef7ee6cc2bf8b4da69cf2 200 14678 - 7.197 ms
GET /campgrounds/617ef7ee6cc2bf8b4da69cf2 200 13932 - 6.481 ms
GET /campgrounds/617ef7ee6cc2bf8b4da69cf2 200 13836 - 7.094 ms
GET /campgrounds/617ef7ee6cc2bf8b4da69cf2 200 13836 - 7.321 ms
GET / 200 11973 - 18.869 ms
GET /favicon.ico 404 8779 - 5.179 ms
GET /campgrounds 200 10994 - 10.984 ms
GET /campgrounds/617ef7ee6cc2bf8b4da69cf2 200 11230 - 21.076 ms
GET /login 200 12953 - 2.932 ms
POST /login 302 46 - 84.223 ms
GET / 200 8820 - 3.347 ms
GET /campgrounds 200 11378 - 4.968 ms
GET /campgrounds/617ef7ee6cc2bf8b4da69cf2 200 13836 - 9.419 ms
DELETE /campgrounds/617ef7ee6cc2bf8b4da69cf2/reviews/617ffedf29fde2e25d5c36dc?_method=DELETE 302 118 - 11.839 ms
GET /campgrounds/617ef7ee6cc2bf8b4da69cf2 200 12257 - 6.741 ms
POST /campgrounds/617ef7ee6cc2bf8b4da69cf2/reviews 302 118 - 16.899 ms
GET /campgrounds/617ef7ee6cc2bf8b4da69cf2 200 14144 - 6.519 ms
GET /campgrounds/617ef7ee6cc2bf8b4da69cf2 200 13848 - 6.885 ms
GET /campgrounds/617ef7ee6cc2bf8b4da69cf2 200 13832 - 7.211 ms
GET /campgrounds/617ef7ee6cc2bf8b4da69cf2 304 - - 7.825 ms
GET /campgrounds/617ef7ee6cc2bf8b4da69cf2 304 - - 7.618 ms
GET /campgrounds/617ef7ee6cc2bf8b4da69cf2 200 13832 - 6.748 ms
GET /logout 302 46 - 0.732 ms
GET / 200 12294 - 4.207 ms
GET /login 200 12953 - 3.573 ms
POST /login 302 46 - 83.617 ms
GET / 200 8821 - 4.066 ms
GET /campgrounds 304 - - 5.884 ms
GET /campgrounds/617ef7ee6cc2bf8b4da69cf2 200 13480 - 11.985 ms
POST /campgrounds/617ef7ee6cc2bf8b4da69cf2/reviews 302 118 - 4.872 ms
GET /campgrounds/617ef7ee6cc2bf8b4da69cf2 200 15681 - 7.128 ms
GET /campgrounds/617ef7ee6cc2bf8b4da69cf2 200 16625 - 7.224 ms
GET /campgrounds/617ef7ee6cc2bf8b4da69cf2 200 16738 - 7.108 ms
GET /campgrounds/617ef7ee6cc2bf8b4da69cf2 200 16742 - 7.914 ms
GET /campgrounds/617ef7ee6cc2bf8b4da69cf2 200 16736 - 8.743 ms
GET /campgrounds/617ef7ee6cc2bf8b4da69cf2 200 16744 - 7.587 ms
POST /campgrounds/617ef7ee6cc2bf8b4da69cf2/reviews 302 118 - 4.467 ms
GET /campgrounds/617ef7ee6cc2bf8b4da69cf2 200 18934 - 6.602 ms
POST /campgrounds/617ef7ee6cc2bf8b4da69cf2/reviews 302 118 - 4.829 ms
GET /campgrounds/617ef7ee6cc2bf8b4da69cf2 200 20817 - 8.005 ms
DELETE /campgrounds/617ef7ee6cc2bf8b4da69cf2/reviews/61803876880dec4f6c0ad6c1?_method=DELETE 302 118 - 4.340 ms
GET /campgrounds/617ef7ee6cc2bf8b4da69cf2 200 18927 - 6.796 ms
DELETE /campgrounds/617ef7ee6cc2bf8b4da69cf2/reviews/61803664880dec4f6c0ad694?_method=DELETE 302 118 - 3.157 ms
GET /campgrounds/617ef7ee6cc2bf8b4da69cf2 200 17038 - 9.716 ms
DELETE /campgrounds/617ef7ee6cc2bf8b4da69cf2/reviews/6180385b880dec4f6c0ad6b7?_method=DELETE 302 118 - 3.137 ms
GET /campgrounds/617ef7ee6cc2bf8b4da69cf2 200 15160 - 6.366 ms
GET /campgrounds/617ef7ee6cc2bf8b4da69cf2 200 14872 - 6.709 ms
GET /campgrounds/617ef7ee6cc2bf8b4da69cf2 200 14864 - 7.374 ms
GET /campgrounds/617ef7ee6cc2bf8b4da69cf2 304 - - 9.278 ms
GET /campgrounds 304 - - 5.037 ms
GET /campgrounds/617f038812497251bf843f19 200 12243 - 5.404 ms
POST /campgrounds/617f038812497251bf843f19/reviews 302 118 - 4.893 ms
GET /campgrounds/617f038812497251bf843f19 200 14442 - 5.681 ms
POST /campgrounds/617f038812497251bf843f19/reviews 302 118 - 5.419 ms
GET /campgrounds/617f038812497251bf843f19 200 16325 - 6.460 ms
DELETE /campgrounds/617f038812497251bf843f19/reviews/618038cc880dec4f6c0ad6fb?_method=DELETE 302 118 - 3.117 ms
GET /campgrounds/617f038812497251bf843f19 200 14431 - 5.366 ms
GET /campgrounds 304 - - 4.184 ms
GET /campgrounds/617ef7ee6cc2bf8b4da69cf2 200 14995 - 8.969 ms
GET /campgrounds/617ef7ee6cc2bf8b4da69cf2 200 15038 - 6.937 ms
GET /campgrounds/617ef7ee6cc2bf8b4da69cf2 200 15004 - 7.210 ms
GET /campgrounds/617ef7ee6cc2bf8b4da69cf2 200 15004 - 6.587 ms
GET /campgrounds/617ef7ee6cc2bf8b4da69cf2 304 - - 6.758 ms
GET /campgrounds/617ef7ee6cc2bf8b4da69cf2 200 14864 - 6.055 ms
GET /campgrounds/617ef7ee6cc2bf8b4da69cf2 200 14869 - 6.330 ms
GET /campgrounds/617ef7ee6cc2bf8b4da69cf2 304 - - 6.627 ms
GET /campgrounds/617ef7ee6cc2bf8b4da69cf2 200 14592 - 6.518 ms
GET /campgrounds/617ef7ee6cc2bf8b4da69cf2 200 14592 - 6.624 ms
GET /campgrounds/617ef7ee6cc2bf8b4da69cf2 200 14587 - 7.074 ms
GET /campgrounds/617ef7ee6cc2bf8b4da69cf2 200 14587 - 5.855 ms
GET /campgrounds/617ef7ee6cc2bf8b4da69cf2 304 - - 5.965 ms
GET /campgrounds/617ef7ee6cc2bf8b4da69cf2 304 - - 5.668 ms
GET /campgrounds/617ef7ee6cc2bf8b4da69cf2 304 - - 5.849 ms
GET /campgrounds/617ef7ee6cc2bf8b4da69cf2 304 - - 6.261 ms
GET /campgrounds/617ef7ee6cc2bf8b4da69cf2 304 - - 6.189 ms
GET /campgrounds/617ef7ee6cc2bf8b4da69cf2 304 - - 6.506 ms
GET /campgrounds/617ef7ee6cc2bf8b4da69cf2 304 - - 6.732 ms
GET /campgrounds/617ef7ee6cc2bf8b4da69cf2 304 - - 5.734 ms
GET /campgrounds/617ef7ee6cc2bf8b4da69cf2 304 - - 6.928 ms
GET /campgrounds/617ef7ee6cc2bf8b4da69cf2 304 - - 6.537 ms
GET /campgrounds/617ef7ee6cc2bf8b4da69cf2 304 - - 5.386 ms
GET /campgrounds/617ef7ee6cc2bf8b4da69cf2 200 14596 - 6.768 ms
GET /campgrounds/617ef7ee6cc2bf8b4da69cf2 200 14594 - 8.343 ms
GET /campgrounds/617ef7ee6cc2bf8b4da69cf2 200 14594 - 6.665 ms
GET /campgrounds/617ef7ee6cc2bf8b4da69cf2 200 14594 - 5.737 ms
GET /campgrounds 304 - - 2.994 ms
GET /campgrounds/617ef7ee6cc2bf8b4da69cf2 304 - - 6.499 ms
GET /campgrounds/new 200 13541 - 3.008 ms
GET /campgrounds/new 200 13607 - 2.657 ms
GET /campgrounds/new 302 56 - 4.245 ms
GET /login 200 13300 - 7.604 ms
POST /login 302 76 - 88.572 ms
GET /campgrounds/new 200 13898 - 3.993 ms
GET /campgrounds/new 200 13604 - 3.589 ms
GET /campgrounds/new 302 56 - 3.498 ms
GET /login 200 13300 - 5.822 ms
POST /login 302 76 - 87.540 ms
GET /campgrounds/new 200 13899 - 4.897 ms
POST /campgrounds 400 9262 - 4.714 ms
GET /campgrounds/new 302 56 - 3.527 ms
GET /login 200 13300 - 6.101 ms
POST /login 302 76 - 87.033 ms
GET /campgrounds/new 200 13898 - 4.285 ms
POST /campgrounds 200 7 - 47.120 ms
GET / 200 11973 - 12.934 ms
GET / 200 11973 - 5.893 ms
GET /campgrounds 200 6911 - 8.473 ms
GET /login 200 12953 - 4.422 ms
POST /login 302 46 - 86.615 ms
GET / 200 8820 - 4.085 ms
GET /campgrounds 200 7295 - 4.525 ms
GET /campgrounds/new 200 13604 - 3.582 ms
POST /campgrounds 302 118 - 1096.116 ms
GET /campgrounds/6180564bc856733f72932271 200 13247 - 10.934 ms
POST /campgrounds/6180564bc856733f72932271/reviews 302 118 - 7.306 ms
GET /campgrounds/6180564bc856733f72932271 200 15127 - 8.367 ms
GET /campgrounds 200 8499 - 4.733 ms
GET /campgrounds 304 - - 4.623 ms
GET /campgrounds/6180564bc856733f72932271 200 16003 - 9.340 ms
GET /campgrounds/6180564bc856733f72932271 200 15937 - 8.061 ms
GET /campgrounds/6180564bc856733f72932271 200 15944 - 8.283 ms
DELETE /campgrounds/6180564bc856733f72932271/reviews/61805663c856733f7293227b?_method=DELETE 302 118 - 7.870 ms
GET /campgrounds/6180564bc856733f72932271 200 14287 - 5.764 ms
GET /campgrounds/6180564bc856733f72932271 200 10994 - 6.169 ms
GET /campgrounds/6180564bc856733f72932271 200 14041 - 5.784 ms
GET /campgrounds/6180564bc856733f72932271 200 12470 - 6.860 ms
GET /campgrounds/6180564bc856733f72932271 200 13967 - 6.985 ms
GET /campgrounds/6180564bc856733f72932271 200 13976 - 6.251 ms
GET /campgrounds/6180564bc856733f72932271 200 13976 - 6.717 ms
GET /campgrounds/6180564bc856733f72932271 200 13969 - 6.260 ms
GET /campgrounds/6180564bc856733f72932271 500 9853 - 6.683 ms
GET /campgrounds/6180564bc856733f72932271 200 13977 - 5.982 ms
GET /campgrounds/6180564bc856733f72932271 200 13979 - 6.860 ms
GET /campgrounds/6180564bc856733f72932271 200 14009 - 6.745 ms
GET /campgrounds/6180564bc856733f72932271 200 14013 - 7.058 ms
GET /campgrounds/new 304 - - 3.224 ms
POST /campgrounds 302 118 - 937.141 ms
GET /campgrounds/61805bd0c856733f729322d8 200 14658 - 6.186 ms
DELETE /campgrounds/61805bd0c856733f729322d8?_method=DELETE 302 68 - 7.963 ms
GET /campgrounds 200 8808 - 3.459 ms
GET /campgrounds/6180564bc856733f72932271 304 - - 6.234 ms
DELETE /campgrounds/6180564bc856733f72932271?_method=DELETE 302 68 - 3.538 ms
GET /campgrounds 200 7604 - 3.506 ms
GET /campgrounds/new 304 - - 2.921 ms
POST /campgrounds 302 118 - 1855.203 ms
GET /campgrounds/61805c49c856733f729322fa 200 14663 - 6.697 ms
GET /campgrounds/61805c49c856733f729322fa 200 14312 - 6.275 ms
